H:\DOS\Portofolio Assignments\PA5\PA5\Debug\PA5.exe
H:\DOS\PORTOFOLIO ASSIGNMENTS\PA5\PA5\DEBUG\PA5.PDB
H:\DOS\PORTOFOLIO ASSIGNMENTS\PA5\PA5\PA5\DEBUG\.NETFRAMEWORK,VERSION=V4.0.ASSEMBLYATTRIBUTES.OBJ
H:\DOS\PORTOFOLIO ASSIGNMENTS\PA5\PA5\PA5\DEBUG\ADDPROPERTY.OBJ
H:\DOS\Portofolio Assignments\PA5\PA5\PA5\Debug\cl.command.1.tlog
H:\DOS\Portofolio Assignments\PA5\PA5\PA5\Debug\CL.read.1.tlog
H:\DOS\Portofolio Assignments\PA5\PA5\PA5\Debug\CL.write.1.tlog
H:\DOS\Portofolio Assignments\PA5\PA5\PA5\Debug\GenerateResource.read.1.tlog
H:\DOS\Portofolio Assignments\PA5\PA5\PA5\Debug\GenerateResource.write.1.tlog
H:\DOS\Portofolio Assignments\PA5\PA5\PA5\Debug\link.command.1.tlog
H:\DOS\Portofolio Assignments\PA5\PA5\PA5\Debug\link.read.1.tlog
H:\DOS\Portofolio Assignments\PA5\PA5\PA5\Debug\link.write.1.tlog
H:\DOS\Portofolio Assignments\PA5\PA5\PA5\Debug\mt.command.1.tlog
H:\DOS\Portofolio Assignments\PA5\PA5\PA5\Debug\mt.read.1.tlog
H:\DOS\Portofolio Assignments\PA5\PA5\PA5\Debug\mt.write.1.tlog
H:\DOS\PORTOFOLIO ASSIGNMENTS\PA5\PA5\PA5\DEBUG\PA_5.OBJ
H:\DOS\PORTOFOLIO ASSIGNMENTS\PA5\PA5\PA5\DEBUG\PA5.ADDPROPERTY.RESOURCES
H:\DOS\Portofolio Assignments\PA5\PA5\PA5\Debug\PA5.exe.intermediate.manifest
H:\DOS\PORTOFOLIO ASSIGNMENTS\PA5\PA5\PA5\DEBUG\PA5.PA_5.RESOURCES
H:\DOS\Portofolio Assignments\PA5\PA5\PA5\Debug\PA5.write.1.tlog
H:\DOS\PORTOFOLIO ASSIGNMENTS\PA5\PA5\PA5\DEBUG\VC100.PDB
