Build started 9/29/2015 13:51:39.
     1>Project "H:\DOS\Portofolio Assignments\PA4\PA4\PA4.vcxproj" on node 2 (build target(s)).
     1>InitializeBuildStatus:
         Creating "Debug\PA4.unsuccessfulbuild" because "AlwaysCreate" was specified.
       GenerateTargetFrameworkMonikerAttribute:
       Skipping target "GenerateTargetFrameworkMonikerAttribute" because all output files are up-to-date with respect to the input files.
       ClCompile:
         All outputs are up-to-date.
         C:\Apps\Microsoft Visual Studio 10.0\VC\bin\CL.exe /c /AI"C:\Program Files (x86)\Reference Assemblies\Microsoft\Framework\.NETFramework\v4.0" /Zi /clr:pure /nologo /W3 /WX- /Od /Oy- /D WIN32 /D _DEBUG /D _UNICODE /D UNICODE /EHa /MDd /GS /fp:precise /Zc:wchar_t /Zc:forScope /Yu"StdAfx.h" /Fp"Debug\PA4.pch" /Fo"Debug\\" /Fd"Debug\vc100.pdb" /TP /FU"C:\Program Files (x86)\Reference Assemblies\Microsoft\Framework\.NETFramework\v4.0\System.Core.dll" /FU"C:\Program Files (x86)\Reference Assemblies\Microsoft\Framework\.NETFramework\v4.0\System.Data.dll" /FU"C:\Program Files (x86)\Reference Assemblies\Microsoft\Framework\.NETFramework\v4.0\System.dll" /FU"C:\Program Files (x86)\Reference Assemblies\Microsoft\Framework\.NETFramework\v4.0\System.Drawing.dll" /FU"C:\Program Files (x86)\Reference Assemblies\Microsoft\Framework\.NETFramework\v4.0\System.Windows.Forms.dll" /FU"C:\Program Files (x86)\Reference Assemblies\Microsoft\Framework\.NETFramework\v4.0\System.Xml.dll" /analyze- /errorReport:prompt PA4.cpp /clr:nostdlib 
         PA4.cpp
     1>h:\dos\portofolio assignments\pa4\pa4\UpdateForm.h(302): warning C4101: 'e' : unreferenced local variable
         All outputs are up-to-date.
       CoreResGen:
         All outputs are up-to-date.
       ResourceCompile:
         All outputs are up-to-date.
       Link:
         C:\Apps\Microsoft Visual Studio 10.0\VC\bin\link.exe /ERRORREPORT:PROMPT /OUT:"H:\DOS\Portofolio Assignments\PA4\Debug\PA4.exe" /INCREMENTAL /NOLOGO /ASSEMBLYRESOURCE:Debug\PA4.Form1.resources /ASSEMBLYRESOURCE:Debug\PA4.UpdateForm.resources /MANIFEST /ManifestFile:"Debug\PA4.exe.intermediate.manifest" /MANIFESTUAC:"level='asInvoker' uiAccess='false'" /DEBUG /PDB:"H:\DOS\Portofolio Assignments\PA4\Debug\PA4.pdb" /ASSEMBLYDEBUG /SUBSYSTEM:WINDOWS /TLBID:1 /ENTRY:"main" /DYNAMICBASE /FIXED:NO /NXCOMPAT /MACHINE:X86 Debug\app.res
         Debug\AssemblyInfo.obj
         Debug\PA4.obj
         Debug\stdafx.obj
         Debug\UpdateForm.obj
         "Debug\.NETFramework,Version=v4.0.AssemblyAttributes.obj"
         PA4.vcxproj -> H:\DOS\Portofolio Assignments\PA4\Debug\PA4.exe
       Manifest:
         C:\Program Files (x86)\Microsoft SDKs\Windows\v7.0A\bin\mt.exe /nologo /verbose /outputresource:"H:\DOS\Portofolio Assignments\PA4\Debug\PA4.exe;#1" /manifest Debug\PA4.exe.intermediate.manifest
       FinalizeBuildStatus:
         Deleting file "Debug\PA4.unsuccessfulbuild".
         Touching "Debug\PA4.lastbuildstate".
     1>Done Building Project "H:\DOS\Portofolio Assignments\PA4\PA4\PA4.vcxproj" (build target(s)).

Build succeeded.

Time Elapsed 00:00:12.46
