E:\DS\PA4\DEBUG\PA4.EXE
E:\DS\PA4\DEBUG\PA4.ILK
E:\DS\PA4\DEBUG\PA4.PDB
E:\DS\PA4\PA4\DEBUG\.NETFRAMEWORK,VERSION=V4.0.ASSEMBLYATTRIBUTES.OBJ
E:\DS\PA4\PA4\DEBUG\APP.RES
E:\DS\PA4\PA4\DEBUG\ASSEMBLYINFO.OBJ
E:\DS\PA4\PA4\Debug\cl.command.1.tlog
E:\DS\PA4\PA4\Debug\CL.read.1.tlog
E:\DS\PA4\PA4\Debug\CL.write.1.tlog
E:\DS\PA4\PA4\Debug\GenerateResource.read.1.tlog
E:\DS\PA4\PA4\Debug\GenerateResource.read.139.tlog
E:\DS\PA4\PA4\Debug\GenerateResource.read.2.tlog
E:\DS\PA4\PA4\Debug\GenerateResource.write.1.tlog
E:\DS\PA4\PA4\Debug\GenerateResource.write.139.tlog
E:\DS\PA4\PA4\Debug\link.10348.read.1.tlog
E:\DS\PA4\PA4\Debug\link.10348.write.1.tlog
E:\DS\PA4\PA4\Debug\link.10348-cvtres.read.1.tlog
E:\DS\PA4\PA4\Debug\link.10348-cvtres.write.1.tlog
E:\DS\PA4\PA4\Debug\link.12356.read.1.tlog
E:\DS\PA4\PA4\Debug\link.12356.write.1.tlog
E:\DS\PA4\PA4\Debug\link.12356-cvtres.read.1.tlog
E:\DS\PA4\PA4\Debug\link.12356-cvtres.write.1.tlog
E:\DS\PA4\PA4\Debug\link.13448.read.1.tlog
E:\DS\PA4\PA4\Debug\link.13448.write.1.tlog
E:\DS\PA4\PA4\Debug\link.13448-cvtres.read.1.tlog
E:\DS\PA4\PA4\Debug\link.13448-cvtres.write.1.tlog
E:\DS\PA4\PA4\Debug\link.13800.read.1.tlog
E:\DS\PA4\PA4\Debug\link.13800.write.1.tlog
E:\DS\PA4\PA4\Debug\link.13800-cvtres.read.1.tlog
E:\DS\PA4\PA4\Debug\link.13800-cvtres.write.1.tlog
E:\DS\PA4\PA4\Debug\link.14016.read.1.tlog
E:\DS\PA4\PA4\Debug\link.14016.write.1.tlog
E:\DS\PA4\PA4\Debug\link.14016-cvtres.read.1.tlog
E:\DS\PA4\PA4\Debug\link.14016-cvtres.write.1.tlog
E:\DS\PA4\PA4\Debug\link.14760.read.1.tlog
E:\DS\PA4\PA4\Debug\link.14760.write.1.tlog
E:\DS\PA4\PA4\Debug\link.14760-cvtres.read.1.tlog
E:\DS\PA4\PA4\Debug\link.14760-cvtres.write.1.tlog
E:\DS\PA4\PA4\Debug\link.15076.read.1.tlog
E:\DS\PA4\PA4\Debug\link.15076.write.1.tlog
E:\DS\PA4\PA4\Debug\link.15076-cvtres.read.1.tlog
E:\DS\PA4\PA4\Debug\link.15076-cvtres.write.1.tlog
E:\DS\PA4\PA4\Debug\link.1516.read.1.tlog
E:\DS\PA4\PA4\Debug\link.1516.write.1.tlog
E:\DS\PA4\PA4\Debug\link.1516-cvtres.read.1.tlog
E:\DS\PA4\PA4\Debug\link.1516-cvtres.write.1.tlog
E:\DS\PA4\PA4\Debug\link.15672.read.1.tlog
E:\DS\PA4\PA4\Debug\link.15672.write.1.tlog
E:\DS\PA4\PA4\Debug\link.15672-cvtres.read.1.tlog
E:\DS\PA4\PA4\Debug\link.15672-cvtres.write.1.tlog
E:\DS\PA4\PA4\Debug\link.16200.read.1.tlog
E:\DS\PA4\PA4\Debug\link.16200.write.1.tlog
E:\DS\PA4\PA4\Debug\link.16200-cvtres.read.1.tlog
E:\DS\PA4\PA4\Debug\link.16200-cvtres.write.1.tlog
E:\DS\PA4\PA4\Debug\link.16260.read.1.tlog
E:\DS\PA4\PA4\Debug\link.16260.write.1.tlog
E:\DS\PA4\PA4\Debug\link.16260-cvtres.read.1.tlog
E:\DS\PA4\PA4\Debug\link.16260-cvtres.write.1.tlog
E:\DS\PA4\PA4\Debug\link.16268.read.1.tlog
E:\DS\PA4\PA4\Debug\link.16268.write.1.tlog
E:\DS\PA4\PA4\Debug\link.16268-cvtres.read.1.tlog
E:\DS\PA4\PA4\Debug\link.16268-cvtres.write.1.tlog
E:\DS\PA4\PA4\Debug\link.2744.read.1.tlog
E:\DS\PA4\PA4\Debug\link.2744.write.1.tlog
E:\DS\PA4\PA4\Debug\link.2744-cvtres.read.1.tlog
E:\DS\PA4\PA4\Debug\link.2744-cvtres.write.1.tlog
E:\DS\PA4\PA4\Debug\link.4468.read.1.tlog
E:\DS\PA4\PA4\Debug\link.4468.write.1.tlog
E:\DS\PA4\PA4\Debug\link.4468-cvtres.read.1.tlog
E:\DS\PA4\PA4\Debug\link.4468-cvtres.write.1.tlog
E:\DS\PA4\PA4\Debug\link.4768.read.1.tlog
E:\DS\PA4\PA4\Debug\link.4768.write.1.tlog
E:\DS\PA4\PA4\Debug\link.4768-cvtres.read.1.tlog
E:\DS\PA4\PA4\Debug\link.4768-cvtres.write.1.tlog
E:\DS\PA4\PA4\Debug\link.6412.read.1.tlog
E:\DS\PA4\PA4\Debug\link.6412.write.1.tlog
E:\DS\PA4\PA4\Debug\link.6412-cvtres.read.1.tlog
E:\DS\PA4\PA4\Debug\link.6412-cvtres.write.1.tlog
E:\DS\PA4\PA4\Debug\link.command.1.tlog
E:\DS\PA4\PA4\Debug\link.read.1.tlog
E:\DS\PA4\PA4\Debug\link.write.1.tlog
E:\DS\PA4\PA4\Debug\metagen.read.1.tlog
E:\DS\PA4\PA4\Debug\metagen.write.1.tlog
E:\DS\PA4\PA4\Debug\mt.command.1.tlog
E:\DS\PA4\PA4\Debug\mt.read.1.tlog
E:\DS\PA4\PA4\Debug\mt.write.1.tlog
E:\DS\PA4\PA4\DEBUG\PA4.EXE.INTERMEDIATE.MANIFEST
E:\DS\PA4\PA4\DEBUG\PA4.FORM1.RESOURCES
E:\DS\PA4\PA4\DEBUG\PA4.OBJ
E:\DS\PA4\PA4\DEBUG\PA4.PCH
E:\DS\PA4\PA4\DEBUG\PA4.UPDATEFORM.RESOURCES
E:\DS\PA4\PA4\Debug\PA4.vcxproj.GenerateResource.Cache
E:\DS\PA4\PA4\Debug\PA4.write.1.tlog
E:\DS\PA4\PA4\Debug\rc.command.1.tlog
E:\DS\PA4\PA4\Debug\rc.read.1.tlog
E:\DS\PA4\PA4\Debug\rc.write.1.tlog
E:\DS\PA4\PA4\DEBUG\STDAFX.OBJ
E:\DS\PA4\PA4\DEBUG\UPDATEFORM.OBJ
E:\DS\PA4\PA4\DEBUG\VC100.PDB
