C:\USERS\214051471\DOCUMENTS\VISUAL STUDIO 2010\PROJECTS\CVCVCV\CVCVCV\DEBUG\.NETFRAMEWORK,VERSION=V4.0.ASSEMBLYATTRIBUTES.OBJ
C:\USERS\214051471\DOCUMENTS\VISUAL STUDIO 2010\PROJECTS\CVCVCV\CVCVCV\DEBUG\APP.RES
C:\USERS\214051471\DOCUMENTS\VISUAL STUDIO 2010\PROJECTS\CVCVCV\CVCVCV\DEBUG\ASSEMBLYINFO.OBJ
C:\USERS\214051471\DOCUMENTS\VISUAL STUDIO 2010\PROJECTS\CVCVCV\CVCVCV\DEBUG\CVCVCV.EXE.INTERMEDIATE.MANIFEST
C:\USERS\214051471\DOCUMENTS\VISUAL STUDIO 2010\PROJECTS\CVCVCV\CVCVCV\DEBUG\CVCVCV.FORM1.RESOURCES
C:\USERS\214051471\DOCUMENTS\VISUAL STUDIO 2010\PROJECTS\CVCVCV\CVCVCV\DEBUG\CVCVCV.OBJ
C:\USERS\214051471\DOCUMENTS\VISUAL STUDIO 2010\PROJECTS\CVCVCV\CVCVCV\DEBUG\CVCVCV.PCH
C:\USERS\214051471\DOCUMENTS\VISUAL STUDIO 2010\PROJECTS\CVCVCV\CVCVCV\DEBUG\STDAFX.OBJ
C:\USERS\214051471\DOCUMENTS\VISUAL STUDIO 2010\PROJECTS\CVCVCV\CVCVCV\DEBUG\VC100.PDB
C:\USERS\214051471\DOCUMENTS\VISUAL STUDIO 2010\PROJECTS\CVCVCV\DEBUG\CVCVCV.EXE
C:\USERS\214051471\DOCUMENTS\VISUAL STUDIO 2010\PROJECTS\CVCVCV\DEBUG\CVCVCV.ILK
C:\USERS\214051471\DOCUMENTS\VISUAL STUDIO 2010\PROJECTS\CVCVCV\DEBUG\CVCVCV.PDB
E:\DS\A3\cvcvcv\cvcvcv\Debug\.NETFramework,Version=v4.0.AssemblyAttributes.obj
E:\DS\A3\CVCVCV\CVCVCV\DEBUG\APP.RES
E:\DS\A3\CVCVCV\CVCVCV\DEBUG\ASSEMBLYINFO.OBJ
E:\DS\A3\cvcvcv\cvcvcv\Debug\cl.command.1.tlog
E:\DS\A3\cvcvcv\cvcvcv\Debug\CL.read.1.tlog
E:\DS\A3\cvcvcv\cvcvcv\Debug\CL.write.1.tlog
E:\DS\A3\CVCVCV\CVCVCV\DEBUG\CVCVCV.EXE.INTERMEDIATE.MANIFEST
E:\DS\A3\CVCVCV\CVCVCV\DEBUG\CVCVCV.FORM1.RESOURCES
E:\DS\A3\CVCVCV\CVCVCV\DEBUG\CVCVCV.OBJ
E:\DS\A3\CVCVCV\CVCVCV\DEBUG\CVCVCV.PCH
E:\DS\A3\cvcvcv\cvcvcv\Debug\cvcvcv.write.1.tlog
E:\DS\A3\cvcvcv\cvcvcv\Debug\GenerateResource.read.1.tlog
E:\DS\A3\cvcvcv\cvcvcv\Debug\GenerateResource.read.114.tlog
E:\DS\A3\cvcvcv\cvcvcv\Debug\GenerateResource.read.123.tlog
E:\DS\A3\cvcvcv\cvcvcv\Debug\GenerateResource.read.142.tlog
E:\DS\A3\cvcvcv\cvcvcv\Debug\GenerateResource.read.15.tlog
E:\DS\A3\cvcvcv\cvcvcv\Debug\GenerateResource.read.222.tlog
E:\DS\A3\cvcvcv\cvcvcv\Debug\GenerateResource.read.241.tlog
E:\DS\A3\cvcvcv\cvcvcv\Debug\GenerateResource.read.271.tlog
E:\DS\A3\cvcvcv\cvcvcv\Debug\GenerateResource.read.284.tlog
E:\DS\A3\cvcvcv\cvcvcv\Debug\GenerateResource.read.73.tlog
E:\DS\A3\cvcvcv\cvcvcv\Debug\GenerateResource.write.1.tlog
E:\DS\A3\cvcvcv\cvcvcv\Debug\GenerateResource.write.114.tlog
E:\DS\A3\cvcvcv\cvcvcv\Debug\GenerateResource.write.123.tlog
E:\DS\A3\cvcvcv\cvcvcv\Debug\GenerateResource.write.142.tlog
E:\DS\A3\cvcvcv\cvcvcv\Debug\GenerateResource.write.15.tlog
E:\DS\A3\cvcvcv\cvcvcv\Debug\GenerateResource.write.222.tlog
E:\DS\A3\cvcvcv\cvcvcv\Debug\GenerateResource.write.241.tlog
E:\DS\A3\cvcvcv\cvcvcv\Debug\GenerateResource.write.271.tlog
E:\DS\A3\cvcvcv\cvcvcv\Debug\GenerateResource.write.284.tlog
E:\DS\A3\cvcvcv\cvcvcv\Debug\GenerateResource.write.73.tlog
E:\DS\A3\cvcvcv\cvcvcv\Debug\link.1004.read.1.tlog
E:\DS\A3\cvcvcv\cvcvcv\Debug\link.1004.write.1.tlog
E:\DS\A3\cvcvcv\cvcvcv\Debug\link.1004-cvtres.read.1.tlog
E:\DS\A3\cvcvcv\cvcvcv\Debug\link.1004-cvtres.write.1.tlog
E:\DS\A3\cvcvcv\cvcvcv\Debug\link.1192.read.1.tlog
E:\DS\A3\cvcvcv\cvcvcv\Debug\link.1192.write.1.tlog
E:\DS\A3\cvcvcv\cvcvcv\Debug\link.1192-cvtres.read.1.tlog
E:\DS\A3\cvcvcv\cvcvcv\Debug\link.1192-cvtres.write.1.tlog
E:\DS\A3\cvcvcv\cvcvcv\Debug\link.1784.read.1.tlog
E:\DS\A3\cvcvcv\cvcvcv\Debug\link.1784.write.1.tlog
E:\DS\A3\cvcvcv\cvcvcv\Debug\link.1784-cvtres.read.1.tlog
E:\DS\A3\cvcvcv\cvcvcv\Debug\link.1784-cvtres.write.1.tlog
E:\DS\A3\cvcvcv\cvcvcv\Debug\link.2568.read.1.tlog
E:\DS\A3\cvcvcv\cvcvcv\Debug\link.2568.write.1.tlog
E:\DS\A3\cvcvcv\cvcvcv\Debug\link.2568-cvtres.read.1.tlog
E:\DS\A3\cvcvcv\cvcvcv\Debug\link.2568-cvtres.write.1.tlog
E:\DS\A3\cvcvcv\cvcvcv\Debug\link.2880.read.1.tlog
E:\DS\A3\cvcvcv\cvcvcv\Debug\link.2880.write.1.tlog
E:\DS\A3\cvcvcv\cvcvcv\Debug\link.2880-cvtres.read.1.tlog
E:\DS\A3\cvcvcv\cvcvcv\Debug\link.2880-cvtres.write.1.tlog
E:\DS\A3\cvcvcv\cvcvcv\Debug\link.3720.read.1.tlog
E:\DS\A3\cvcvcv\cvcvcv\Debug\link.3720.write.1.tlog
E:\DS\A3\cvcvcv\cvcvcv\Debug\link.3720-cvtres.read.1.tlog
E:\DS\A3\cvcvcv\cvcvcv\Debug\link.3720-cvtres.write.1.tlog
E:\DS\A3\cvcvcv\cvcvcv\Debug\link.3808.read.1.tlog
E:\DS\A3\cvcvcv\cvcvcv\Debug\link.3808.write.1.tlog
E:\DS\A3\cvcvcv\cvcvcv\Debug\link.3808-cvtres.read.1.tlog
E:\DS\A3\cvcvcv\cvcvcv\Debug\link.3808-cvtres.write.1.tlog
E:\DS\A3\cvcvcv\cvcvcv\Debug\link.3824.read.1.tlog
E:\DS\A3\cvcvcv\cvcvcv\Debug\link.3824.write.1.tlog
E:\DS\A3\cvcvcv\cvcvcv\Debug\link.3824-cvtres.read.1.tlog
E:\DS\A3\cvcvcv\cvcvcv\Debug\link.3824-cvtres.write.1.tlog
E:\DS\A3\cvcvcv\cvcvcv\Debug\link.4304.read.1.tlog
E:\DS\A3\cvcvcv\cvcvcv\Debug\link.4304.write.1.tlog
E:\DS\A3\cvcvcv\cvcvcv\Debug\link.4304-cvtres.read.1.tlog
E:\DS\A3\cvcvcv\cvcvcv\Debug\link.4304-cvtres.write.1.tlog
E:\DS\A3\cvcvcv\cvcvcv\Debug\link.4356.read.1.tlog
E:\DS\A3\cvcvcv\cvcvcv\Debug\link.4356.write.1.tlog
E:\DS\A3\cvcvcv\cvcvcv\Debug\link.4356-cvtres.read.1.tlog
E:\DS\A3\cvcvcv\cvcvcv\Debug\link.4356-cvtres.write.1.tlog
E:\DS\A3\cvcvcv\cvcvcv\Debug\link.4704.read.1.tlog
E:\DS\A3\cvcvcv\cvcvcv\Debug\link.4704.write.1.tlog
E:\DS\A3\cvcvcv\cvcvcv\Debug\link.4704-cvtres.read.1.tlog
E:\DS\A3\cvcvcv\cvcvcv\Debug\link.4704-cvtres.write.1.tlog
E:\DS\A3\cvcvcv\cvcvcv\Debug\link.4932.read.1.tlog
E:\DS\A3\cvcvcv\cvcvcv\Debug\link.4932.write.1.tlog
E:\DS\A3\cvcvcv\cvcvcv\Debug\link.4932-cvtres.read.1.tlog
E:\DS\A3\cvcvcv\cvcvcv\Debug\link.4932-cvtres.write.1.tlog
E:\DS\A3\cvcvcv\cvcvcv\Debug\link.5272.read.1.tlog
E:\DS\A3\cvcvcv\cvcvcv\Debug\link.5272.write.1.tlog
E:\DS\A3\cvcvcv\cvcvcv\Debug\link.5272-cvtres.read.1.tlog
E:\DS\A3\cvcvcv\cvcvcv\Debug\link.5272-cvtres.write.1.tlog
E:\DS\A3\cvcvcv\cvcvcv\Debug\link.5792.read.1.tlog
E:\DS\A3\cvcvcv\cvcvcv\Debug\link.5792.write.1.tlog
E:\DS\A3\cvcvcv\cvcvcv\Debug\link.5792-cvtres.read.1.tlog
E:\DS\A3\cvcvcv\cvcvcv\Debug\link.5792-cvtres.write.1.tlog
E:\DS\A3\cvcvcv\cvcvcv\Debug\link.5848.read.1.tlog
E:\DS\A3\cvcvcv\cvcvcv\Debug\link.5848.write.1.tlog
E:\DS\A3\cvcvcv\cvcvcv\Debug\link.5848-cvtres.read.1.tlog
E:\DS\A3\cvcvcv\cvcvcv\Debug\link.5848-cvtres.write.1.tlog
E:\DS\A3\cvcvcv\cvcvcv\Debug\link.6044.read.1.tlog
E:\DS\A3\cvcvcv\cvcvcv\Debug\link.6044.write.1.tlog
E:\DS\A3\cvcvcv\cvcvcv\Debug\link.6044-cvtres.read.1.tlog
E:\DS\A3\cvcvcv\cvcvcv\Debug\link.6044-cvtres.write.1.tlog
E:\DS\A3\cvcvcv\cvcvcv\Debug\link.6092.read.1.tlog
E:\DS\A3\cvcvcv\cvcvcv\Debug\link.6092.write.1.tlog
E:\DS\A3\cvcvcv\cvcvcv\Debug\link.6092-cvtres.read.1.tlog
E:\DS\A3\cvcvcv\cvcvcv\Debug\link.6092-cvtres.write.1.tlog
E:\DS\A3\cvcvcv\cvcvcv\Debug\link.command.1.tlog
E:\DS\A3\cvcvcv\cvcvcv\Debug\link.read.1.tlog
E:\DS\A3\cvcvcv\cvcvcv\Debug\link.write.1.tlog
E:\DS\A3\cvcvcv\cvcvcv\Debug\mt.command.1.tlog
E:\DS\A3\cvcvcv\cvcvcv\Debug\mt.read.1.tlog
E:\DS\A3\cvcvcv\cvcvcv\Debug\mt.write.1.tlog
E:\DS\A3\cvcvcv\cvcvcv\Debug\rc.command.1.tlog
E:\DS\A3\cvcvcv\cvcvcv\Debug\rc.read.1.tlog
E:\DS\A3\cvcvcv\cvcvcv\Debug\rc.write.1.tlog
E:\DS\A3\CVCVCV\CVCVCV\DEBUG\STDAFX.OBJ
E:\DS\A3\CVCVCV\CVCVCV\DEBUG\VC100.PDB
E:\DS\A3\CVCVCV\DEBUG\CVCVCV.EXE
E:\DS\A3\CVCVCV\DEBUG\CVCVCV.ILK
E:\DS\A3\CVCVCV\DEBUG\CVCVCV.PDB
